FHIR IG Publisher Version 1.8.10 (Git# dc36d776e982). Built 2025-01-30T20:00:09.932Z (18 hours old)
Detected Java version: 23-ea from /usr/local/openjdk-23 on amd64 (64bit). 4096MB available
dir = /workspace, path = /home/publisher/bin:/home/publisher/bin/ig-publisher-scripts:/home/publisher/.node/bin:/usr/local/openjdk-23/bin:/usr/local/sbin:/usr/local/bin:/usr/sbin:/usr/bin:/sbin:/bin
Parameters: -go-publish -package-cache-folder /workspace/fhir-package-cache -source /workspace/source -web /workspace/webroot -temp /workspace/temp -registry /workspace/ig-registry/fhir-ig-list.json -history /workspace/history-template -templates /workspace/webroot/templates
---------------
Publication Run: publish /workspace/source to /workspace/webroot
Run Number: 3
Relative directory for IG is '/dak-immz'
===== Web Publication Run Details ===============================
 Source IG: smart.who.int.dak-immz#1.0.0 : http://smart.who.int/dak-immz (R4) from /workspace/source
All checks passed. Do the publication build from /workspace/source and publish to /workspace/temp/web-root/run-20250131/dak-immz
Prepare Build space in /workspace/temp/smart.who.int.dak-immz#1.0.0
Build IG at /workspace/source: final copy suitable for publication (in /workspace/temp/smart.who.int.dak-immz#1.0.0)
FHIR IG Publisher Version 1.8.10 (Git# dc36d776e982). Built 2025-01-30T20:00:09.932Z (18 hours old) 
Detected Java version: 23-ea from /usr/local/openjdk-23 on Linux/amd64 (64bit). 4096MB available    
dir = /workspace, path = /home/publisher/bin:/home/publisher/bin/ig-publisher-scripts:/home/publisher/.node/bin:/usr/local/openjdk-23/bin:/usr/local/sbin:/usr/local/bin:/usr/sbin:/usr/bin:/sbin:/bin
Parameters: -ig /workspace/temp/smart.who.int.dak-immz#1.0.0 -resetTx -publish http://smart.who.int/dak-immz/v1.0.0 -no-exit
Start Clock @ Friday, January 31, 2025, 2:16:07 PM Coordinated Universal Time (2025-01-31T14:16:07Z)
                                                                                                    
Build FHIR IG from /workspace/temp/smart.who.int.dak-immz#1.0.0                                      (00:00.033 / 00:00.034, 47Mb)
Build Formal Publication package, intended for http://smart.who.int/dak-immz/v1.0.0                  (00:00.003 / 00:00.036, 47Mb)
API keys loaded from /home/publisher/.fhir/fhir-settings.json                                        (00:00.001 / 00:00.037, 47Mb)
Package Cache: /home/publisher/.fhir/packages                                                        (00:00.003 / 00:00.041, 47Mb)
Run Sushi on /workspace/temp/smart.who.int.dak-immz#1.0.0                                            (00:00.002 / 00:00.043, 47Mb)
Sushi: info  Running SUSHI v3.14.0 (implements FHIR Shorthand specification v3.0.0)                  (00:00.466 / 00:00.509, 48Mb)
Sushi: info  Arguments:                                                                              (00:00.000 / 00:00.510, 48Mb)
Sushi: info    --require-latest                                                                      (00:00.000 / 00:00.511, 48Mb)
Sushi: info    --out /workspace/temp/smart.who.int.dak-immz#1.0.0                                    (00:00.000 / 00:00.512, 48Mb)
Sushi: info    /workspace/temp/smart.who.int.dak-immz#1.0.0                                          (00:00.000 / 00:00.513, 48Mb)
Sushi: info  Using configuration file: /workspace/temp/smart.who.int.dak-immz#1.0.0/sushi-config.yaml (00:00.384 / 00:00.898, 48Mb)
Sushi: info  Importing FSH text...                                                                   (00:00.105 / 00:01.003, 48Mb)
Sushi: info  Preprocessed 3 documents with 10 aliases.                                               (00:00.046 / 00:01.049, 48Mb)
Sushi: info  Imported 0 definitions and 0 instances.                                                 (00:00.001 / 00:01.050, 48Mb)
Sushi: info  Loaded virtual package sushi-r5forR4#1.0.0 with 7 resources                             (00:00.091 / 00:01.142, 48Mb)
Sushi: info  Resolved hl7.fhir.uv.tools.r4#latest to concrete version 0.3.0                          (00:00.548 / 00:01.691, 48Mb)
Sushi: info  Attempting to download hl7.fhir.uv.tools.r4#0.3.0 from https://packages.fhir.org/hl7.fhir.uv.tools.r4/0.3.0 (00:00.000 / 00:01.691, 48Mb)
Sushi: info  Downloaded hl7.fhir.uv.tools.r4#0.3.0                                                   (00:00.431 / 00:02.123, 48Mb)
Sushi: info  Cached hl7.fhir.uv.tools.r4#0.3.0 to /home/publisher/.fhir/packages/hl7.fhir.uv.tools.r4#0.3.0 (00:00.002 / 00:02.125, 48Mb)
Sushi: info  Loaded hl7.fhir.uv.tools.r4#0.3.0 with 75 resources                                     (00:00.043 / 00:02.168, 48Mb)
Sushi: info  Resolved hl7.terminology.r4#latest to concrete version 6.2.0                            (00:00.114 / 00:02.282, 48Mb)
Sushi: info  Attempting to download hl7.terminology.r4#6.2.0 from https://packages.fhir.org/hl7.terminology.r4/6.2.0 (00:00.000 / 00:02.283, 48Mb)
Sushi: info  Downloaded hl7.terminology.r4#6.2.0                                                     (00:01.247 / 00:03.531, 48Mb)
Sushi: info  Cached hl7.terminology.r4#6.2.0 to /home/publisher/.fhir/packages/hl7.terminology.r4#6.2.0 (00:00.000 / 00:03.532, 48Mb)
Sushi: info  Loaded hl7.terminology.r4#6.2.0 with 4323 resources                                     (00:01.023 / 00:04.556, 48Mb)
Sushi: info  Resolved hl7.fhir.uv.extensions.r4#latest to concrete version 5.1.0                     (00:00.112 / 00:04.668, 48Mb)
Sushi: info  Attempting to download hl7.fhir.uv.extensions.r4#5.1.0 from https://packages.fhir.org/hl7.fhir.uv.extensions.r4/5.1.0 (00:00.000 / 00:04.669, 48Mb)
Sushi: info  Downloaded hl7.fhir.uv.extensions.r4#5.1.0                                              (00:00.570 / 00:05.239, 48Mb)
Sushi: info  Cached hl7.fhir.uv.extensions.r4#5.1.0 to /home/publisher/.fhir/packages/hl7.fhir.uv.extensions.r4#5.1.0 (00:00.001 / 00:05.240, 48Mb)
Sushi: info  Loaded hl7.fhir.uv.extensions.r4#5.1.0 with 1397 resources                              (00:00.364 / 00:05.605, 48Mb)
Sushi: info  Attempting to download smart.who.int.base#0.1.0 from https://packages.fhir.org/smart.who.int.base/0.1.0 (00:00.001 / 00:05.606, 48Mb)
Sushi: info  Downloaded smart.who.int.base#0.1.0                                                     (00:00.129 / 00:05.735, 48Mb)
Sushi: info  Cached smart.who.int.base#0.1.0 to /home/publisher/.fhir/packages/smart.who.int.base#0.1.0 (00:00.001 / 00:05.736, 48Mb)
Sushi: info  Loaded smart.who.int.base#0.1.0 with 17 resources                                       (00:00.012 / 00:05.749, 48Mb)
Sushi: info  Attempting to download hl7.fhir.r4.core#4.0.1 from https://packages.fhir.org/hl7.fhir.r4.core/4.0.1 (00:00.000 / 00:05.749, 48Mb)
Sushi: info  Downloaded hl7.fhir.r4.core#4.0.1                                                       (00:01.143 / 00:06.893, 48Mb)
Sushi: info  Cached hl7.fhir.r4.core#4.0.1 to /home/publisher/.fhir/packages/hl7.fhir.r4.core#4.0.1  (00:00.000 / 00:06.894, 48Mb)
Sushi: info  Loaded hl7.fhir.r4.core#4.0.1 with 4581 resources                                       (00:00.907 / 00:07.802, 48Mb)
Sushi: info  Found 1 non-JSON / non-XML file(s) in directory: /workspace/temp/smart.who.int.dak-immz#1.0.0/input/examples. Only resource files with JSON or XML extensions are supported. To see the skipped files in the logs, use debug logging. (00:00.007 / 00:07.809, 48Mb)
Sushi: info  Found 1 non-JSON / non-XML file(s) in directory: /workspace/temp/smart.who.int.dak-immz#1.0.0/input/extensions. Only resource files with JSON or XML extensions are supported. To see the skipped files in the logs, use debug logging. (00:00.001 / 00:07.811, 48Mb)
Sushi: info  Found 1 non-JSON / non-XML file(s) in directory: /workspace/temp/smart.who.int.dak-immz#1.0.0/input/models. Only resource files with JSON or XML extensions are supported. To see the skipped files in the logs, use debug logging. (00:00.001 / 00:07.812, 48Mb)
Sushi: info  Found 1 non-JSON / non-XML file(s) in directory: /workspace/temp/smart.who.int.dak-immz#1.0.0/input/profiles. Only resource files with JSON or XML extensions are supported. To see the skipped files in the logs, use debug logging. (00:00.001 / 00:07.814, 48Mb)
Sushi: info  Found 1 non-JSON / non-XML file(s) in directory: /workspace/temp/smart.who.int.dak-immz#1.0.0/input/resources. Only resource files with JSON or XML extensions are supported. To see the skipped files in the logs, use debug logging. (00:00.002 / 00:07.817, 48Mb)
Sushi: info  Found 1 non-JSON / non-XML file(s) in directory: /workspace/temp/smart.who.int.dak-immz#1.0.0/input/vocabulary. Only resource files with JSON or XML extensions are supported. To see the skipped files in the logs, use debug logging. (00:00.001 / 00:07.818, 48Mb)
Sushi: info  Loaded virtual package sushi-local#LOCAL with 0 resources                               (00:00.001 / 00:07.820, 48Mb)
Sushi: info  Converting FSH to FHIR resources...                                                     (00:00.011 / 00:07.831, 48Mb)
Sushi: info  Exporting FHIR resources as JSON...                                                     (00:00.004 / 00:07.835, 48Mb)
Sushi: info  Exported 0 FHIR resources as JSON.                                                      (00:00.002 / 00:07.838, 48Mb)
Sushi: info  Assembling Implementation Guide sources...                                              (00:00.001 / 00:07.839, 48Mb)
Sushi: info  Generated ImplementationGuide-smart.who.int.dak-immz.json                               (00:00.030 / 00:07.870, 48Mb)
Sushi: info  Assembled Implementation Guide sources; ready for IG Publisher.                         (00:00.000 / 00:07.870, 48Mb)
Sushi: ========================= SUSHI RESULTS ===========================                           (00:00.000 / 00:07.871, 48Mb)
Sushi: |  -------------------------------------------------------------  |                           (00:00.000 / 00:07.872, 48Mb)
Sushi: | |    Profiles   |  Extensions  |   Logicals   |   Resources   | |                           (00:00.000 / 00:07.873, 48Mb)
Sushi: | |-------------------------------------------------------------| |                           (00:00.000 / 00:07.873, 48Mb)
Sushi: | |       0       |      0       |      0       |       0       | |                           (00:00.000 / 00:07.874, 48Mb)
Sushi: |  -------------------------------------------------------------  |                           (00:00.000 / 00:07.875, 48Mb)
Sushi: |  -------------------------------------------------------------  |                           (00:00.000 / 00:07.875, 48Mb)
Sushi: | |      ValueSets     |    CodeSystems    |     Instances      | |                           (00:00.000 / 00:07.876, 48Mb)
Sushi: | |-------------------------------------------------------------| |                           (00:00.000 / 00:07.877, 48Mb)
Sushi: | |         0          |         0         |         0          | |                           (00:00.000 / 00:07.877, 48Mb)
Sushi: |  -------------------------------------------------------------  |                           (00:00.000 / 00:07.878, 48Mb)
Sushi: |                                                                 |                           (00:00.000 / 00:07.879, 48Mb)
Sushi: ===================================================================                           (00:00.000 / 00:07.880, 48Mb)
Sushi: | You're sailing along smoothly.         0 Errors      0 Warnings |                           (00:00.000 / 00:07.880, 48Mb)
Sushi: ===================================================================                           (00:00.000 / 00:07.881, 48Mb)
Unable to load IG as an r5 IG - try R4 (property code is a class com.google.gson.JsonPrimitive looking for an object) (00:00.546 / 00:08.428, 18Mb)
Load Template from who.template.root#current                                                         (00:00.526 / 00:08.954, 37Mb)
Installing who.template.root#current to the package cache
  Fetching:

Installing who.template.root#current
 done.
 Load Template from fhir.base.template#current                                                       (00:02.245 / 00:11.200, 30Mb)
Installing fhir.base.template#current to the package cache
  Fetching:

Installing fhir.base.template#current
 done.
Root directory: /workspace/temp/smart.who.int.dak-immz#1.0.0                                         (00:03.178 / 00:14.379, 106Mb)
Terminology Cache is at /workspace/temp/smart.who.int.dak-immz#1.0.0/input-cache/txcache. Clearing now (00:00.515 / 00:14.895, 123Mb)
Core Package hl7.fhir.r4.core#4.0.1
Running Terminology Log: /tmp/ohfu-fhir-ig-11826231136628466884.log
Connect to Terminology Server at http://tx.fhir.org                                                  (00:13.055 / 00:27.950, 320Mb)
Installing hl7.fhir.pubpack#0.2.1 to the package cache
  Fetching:

Installing hl7.fhir.pubpack#0.2.1
 done.
Load Package hl7.fhir.pubpack#0.2.1
Installing hl7.fhir.xver-extensions#0.1.0 to the package cache
  Fetching:

Installing hl7.fhir.xver-extensions#0.1.0
 done.
Load Package hl7.fhir.xver-extensions#0.1.0
Load Package hl7.terminology.r4#6.2.0
Load Package hl7.fhir.uv.extensions.r4#5.1.0
Installing hl7.terminology#5.5.0 to the package cache
  Fetching:

Installing hl7.terminology#5.5.0
 done.
Installing hl7.fhir.uv.extensions.r4#1.0.0 to the package cache
  Fetching:

Installing hl7.fhir.uv.extensions.r4#1.0.0
 done.
Load Package hl7.fhir.uv.extensions.r4#1.0.0
Load Package hl7.terminology#5.5.0
Installing hl7.fhir.uv.cql#1.0.0 to the package cache
  Fetching:

Installing hl7.fhir.uv.cql#1.0.0
 done.
Load Package hl7.fhir.uv.cql#1.0.0
Installing hl7.fhir.uv.crmi#1.0.0 to the package cache
  Fetching:

Installing hl7.fhir.uv.crmi#1.0.0
 done.
Load Package hl7.fhir.uv.crmi#1.0.0
Installing hl7.fhir.uv.sdc#3.0.0 to the package cache
  Fetching:

Installing hl7.fhir.uv.sdc#3.0.0
 done.
Ignore Dependency on Core FHIR hl7.fhir.r4.examples#4.0.1, from package 'hl7.fhir.uv.sdc#3.0.0'      (00:12.979 / 00:40.929, 663Mb)
Load Package hl7.fhir.uv.sdc#3.0.0
Load Package smart.who.int.base#0.1.0
Load Package hl7.fhir.uv.tools.r4#0.3.0
Load R5 Specials
Installing hl7.fhir.r5.core#5.0.0 to the package cache
  Fetching:

Installing hl7.fhir.r5.core#5.0.0
 done.
Initialization complete                                                                              (00:02.851 / 00:43.781, 722Mb)
Load Content                                                                                         (00:00.001 / 00:43.782, 722Mb)
Using en-US as the default narrative language. (no language information in Implementation Guide or command line) (00:00.076 / 00:43.858, 728Mb)
loadPrePages from FetchedFile[/workspace/temp/smart.who.int.dak-immz#1.0.0/fsh-generated/includes] as /workspace/temp/smart.who.int.dak-immz#1.0.0/fsh-generated/includes
loadPrePages from FetchedFile[/workspace/temp/smart.who.int.dak-immz#1.0.0/input/data] as /workspace/temp/smart.who.int.dak-immz#1.0.0/input/data
loadPrePages from FetchedFile[/workspace/temp/smart.who.int.dak-immz#1.0.0/input/pagecontent] as /workspace/temp/smart.who.int.dak-immz#1.0.0/input/pagecontent
Fetch http://smart.who.int/dak-immz/package-list.json for version check                              (00:00.104 / 00:43.963, 732Mb)
Checking Language                                                                                    (00:00.176 / 00:44.139, 734Mb)
Processing Conformance Resources                                                                     (00:00.000 / 00:44.140, 734Mb)
Load Dependency Info                                                                                 (00:00.001 / 00:44.141, 734Mb)
Load Info                                                                                            (00:00.001 / 00:44.142, 734Mb)
Load Resources                                                                                       (00:00.000 / 00:44.143, 735Mb)
Load Paths                                                                                           (00:00.047 / 00:44.191, 740Mb)
Generating Snapshots                                                                                 (00:00.001 / 00:44.192, 740Mb)
Check R4 / R4B                                                                                       (00:00.008 / 00:44.200, 740Mb)
Assign Comparison Ids                                                                                (00:00.008 / 00:44.209, 741Mb)
Propagating status                                                                                   (00:00.001 / 00:44.210, 741Mb)
Generating Narratives                                                                                (00:00.000 / 00:44.211, 741Mb)
Validating Conformance Resources                                                                     (00:00.283 / 00:44.494, 753Mb)
Check profiles & code systems                                                                        (00:01.439 / 00:45.934, 897Mb)
Check realm rules                                                                                    (00:00.000 / 00:45.935, 897Mb)
Previous Version Comparison                                                                          (00:00.000 / 00:45.936, 897Mb)
Installing smart.who.int.dak-immz#0.9.9 to the package cache
  Fetching:

Installing smart.who.int.dak-immz#0.9.9
 done.
Installing hl7.terminology.r4#6.1.0 to the package cache
  Fetching:

Installing hl7.terminology.r4#6.1.0
 done.
Installing hl7.fhir.r4.examples#4.0.1 to the package cache
  Fetching:

Installing hl7.fhir.r4.examples#4.0.1
 done.
Validating Resources                                                                                 (00:21.820 / 01:07.756, 1Gb)
Processing Provenance Records                                                                        (00:00.001 / 01:07.757, 1Gb)
Generating Outputs in /workspace/temp/smart.who.int.dak-immz#1.0.0/output                            (00:00.001 / 01:07.758, 1Gb)
Generate Native Outputs                                                                              (00:00.077 / 01:07.836, 1Gb)
Run Template                                                                                         (00:00.087 / 01:07.924, 1Gb)
Generate HTML Outputs                                                                                (00:00.757 / 01:08.681, 1Gb)
Generate Summaries                                                                                   (00:00.075 / 01:08.757, 1Gb)
Generating Summary Outputs                                                                           (00:00.000 / 01:08.757, 1Gb)
DB Cumulative Time invested: 00:00:00.60
Sending Usage Stats to Server                                                                        (00:09.445 / 01:18.203, 1Gb)
## Memory (MB): Use = 1345, Free = 872, Total = 2218, Max = 4096                                     (00:00.007 / 01:18.211, 1Gb)
Reclaiming memory...                                                                                 (00:00.001 / 01:18.212, 1Gb)
## Memory (MB): Use = 1121, Free = 1096, Total = 2218, Max = 4096                                    (00:00.537 / 01:18.750, 1Gb)
Run jekyll: jekyll build --destination "/workspace/temp/smart.who.int.dak-immz#1.0.0/output" (in folder /workspace/temp/smart.who.int.dak-immz#1.0.0/temp/pages) (00:00.003 / 01:18.753, 1Gb)
Troubleshooting Note: usual cases for Jekyll to fail are:                                            (00:00.001 / 01:18.754, 1Gb)
* A failure to produce a fragment that is already logged in the output above                         (00:00.001 / 01:18.755, 1Gb)
* A reference to a manually edited file that hasn't been provided                                    (00:00.001 / 01:18.756, 1Gb)
Jekyll: Source: /workspace/temp/smart.who.int.dak-immz#1.0.0/temp/pages                              (00:00.391 / 01:19.148, 1Gb)
Jekyll: Generating...                                                                                (00:00.000 / 01:19.149, 1Gb)
Jekyll: done in 0.577 seconds.                                                                       (00:00.576 / 01:19.725, 1Gb)

Installing smart.who.int.dak-immz#1.0.0
 done.
Checking Output HTML                                                                                 (00:00.787 / 01:20.512, 1Gb)
found 586 files                                                                                      (00:00.004 / 01:20.517, 1Gb)
.........................................
.........................................
  ... 586 html files, 0 pages invalid xhtml (0%)                                                     (00:01.037 / 01:21.555, 1Gb)
  ... 1751 links, 0 broken links (0%)                                                                (00:00.000 / 01:21.556, 1Gb)
Generate fragment-usage-analysis.csv                                                                 (00:00.000 / 01:21.556, 1Gb)
Build final .zip                                                                                     (00:00.006 / 01:21.563, 1Gb)
Final .zip built                                                                                     (00:00.874 / 01:22.437, 1Gb)
Built. Times: loading: 00:00.356, generate: 00:41.428, narrative generation: 00:00.282, validation: 00:01.438, realm-rules: 00:00.000, previous-version: 00:21.811, jekyll: 00:00.980, template: 00:00.764 (#3) (00:03.137 / 01:25.574, 1Gb)
Generating QA                                                                                        (00:00.001 / 01:25.575, 1Gb)
Validation output in /workspace/temp/smart.who.int.dak-immz#1.0.0/output/qa.html
Errors: 1, Warnings: 5, Info: 0, Broken Links: 0 (00:00.094 / 01:25.670, 1Gb)
Finished. Max Memory Used = 1Gb. Log file saved in /tmp/fhir-ig-publisher-tmp.log                    (00:00.002 / 01:25.672, 1Gb)
Prepare Build space in /workspace/temp/smart.who.int.dak-immz#1.0.0-milestone
Build IG at /workspace/source: final copy suitable for publication (in /workspace/temp/smart.who.int.dak-immz#1.0.0-milestone) (milestone build)
FHIR IG Publisher Version 1.8.10 (Git# dc36d776e982). Built 2025-01-30T20:00:09.932Z (18 hours old) 
Detected Java version: 23-ea from /usr/local/openjdk-23 on Linux/amd64 (64bit). 4096MB available    
dir = /workspace, path = /home/publisher/bin:/home/publisher/bin/ig-publisher-scripts:/home/publisher/.node/bin:/usr/local/openjdk-23/bin:/usr/local/sbin:/usr/local/bin:/usr/sbin:/usr/bin:/sbin:/bin
Parameters: -ig /workspace/temp/smart.who.int.dak-immz#1.0.0-milestone -publish http://smart.who.int/dak-immz/v1.0.0 -milestone -no-exit
Start Clock @ Friday, January 31, 2025, 2:17:34 PM Coordinated Universal Time (2025-01-31T14:17:34Z)
                                                                                                    
Build FHIR IG from /workspace/temp/smart.who.int.dak-immz#1.0.0-milestone                            (00:00.002 / 00:00.002, 1Gb)
Build Formal Publication package, intended for http://smart.who.int/dak-immz/v1.0.0                  (00:00.000 / 00:00.003, 1Gb)
API keys loaded from /home/publisher/.fhir/fhir-settings.json                                        (00:00.000 / 00:00.003, 1Gb)
Package Cache: /home/publisher/.fhir/packages                                                        (00:00.000 / 00:00.004, 1Gb)
Run Sushi on /workspace/temp/smart.who.int.dak-immz#1.0.0-milestone                                  (00:00.000 / 00:00.005, 1Gb)
Sushi: info  Running SUSHI v3.14.0 (implements FHIR Shorthand specification v3.0.0)                  (00:00.425 / 00:00.430, 1Gb)
Sushi: info  Arguments:                                                                              (00:00.000 / 00:00.431, 1Gb)
Sushi: info    --require-latest                                                                      (00:00.000 / 00:00.431, 1Gb)
Sushi: info    --out /workspace/temp/smart.who.int.dak-immz#1.0.0-milestone                          (00:00.000 / 00:00.432, 1Gb)
Sushi: info    /workspace/temp/smart.who.int.dak-immz#1.0.0-milestone                                (00:00.000 / 00:00.433, 1Gb)
Sushi: info  Using configuration file: /workspace/temp/smart.who.int.dak-immz#1.0.0-milestone/sushi-config.yaml (00:00.406 / 00:00.839, 1Gb)
Sushi: info  Importing FSH text...                                                                   (00:00.109 / 00:00.948, 1Gb)
Sushi: info  Preprocessed 3 documents with 10 aliases.                                               (00:00.034 / 00:00.983, 1Gb)
Sushi: info  Imported 0 definitions and 0 instances.                                                 (00:00.000 / 00:00.984, 1Gb)
Sushi: info  Loaded virtual package sushi-r5forR4#1.0.0 with 7 resources                             (00:00.122 / 00:01.107, 1Gb)
Sushi: info  Resolved hl7.fhir.uv.tools.r4#latest to concrete version 0.3.0                          (00:00.552 / 00:01.659, 1Gb)
Sushi: info  Loaded hl7.fhir.uv.tools.r4#0.3.0 with 75 resources                                     (00:00.044 / 00:01.703, 1Gb)
Sushi: info  Resolved hl7.terminology.r4#latest to concrete version 6.2.0                            (00:00.118 / 00:01.822, 1Gb)
Sushi: info  Loaded hl7.terminology.r4#6.2.0 with 4323 resources                                     (00:01.084 / 00:02.907, 1Gb)
Sushi: info  Resolved hl7.fhir.uv.extensions.r4#latest to concrete version 5.1.0                     (00:00.119 / 00:03.026, 1Gb)
Sushi: info  Loaded hl7.fhir.uv.extensions.r4#5.1.0 with 1397 resources                              (00:00.373 / 00:03.400, 1Gb)
Sushi: info  Loaded smart.who.int.base#0.1.0 with 17 resources                                       (00:00.013 / 00:03.413, 1Gb)
Sushi: info  Loaded hl7.fhir.r4.core#4.0.1 with 4581 resources                                       (00:00.939 / 00:04.352, 1Gb)
Sushi: info  Found 1 non-JSON / non-XML file(s) in directory: /workspace/temp/smart.who.int.dak-immz#1.0.0-milestone/input/examples. Only resource files with JSON or XML extensions are supported. To see the skipped files in the logs, use debug logging. (00:00.007 / 00:04.359, 1Gb)
Sushi: info  Found 1 non-JSON / non-XML file(s) in directory: /workspace/temp/smart.who.int.dak-immz#1.0.0-milestone/input/extensions. Only resource files with JSON or XML extensions are supported. To see the skipped files in the logs, use debug logging. (00:00.001 / 00:04.361, 1Gb)
Sushi: info  Found 1 non-JSON / non-XML file(s) in directory: /workspace/temp/smart.who.int.dak-immz#1.0.0-milestone/input/models. Only resource files with JSON or XML extensions are supported. To see the skipped files in the logs, use debug logging. (00:00.001 / 00:04.362, 1Gb)
Sushi: info  Found 1 non-JSON / non-XML file(s) in directory: /workspace/temp/smart.who.int.dak-immz#1.0.0-milestone/input/profiles. Only resource files with JSON or XML extensions are supported. To see the skipped files in the logs, use debug logging. (00:00.001 / 00:04.364, 1Gb)
Sushi: info  Found 1 non-JSON / non-XML file(s) in directory: /workspace/temp/smart.who.int.dak-immz#1.0.0-milestone/input/resources. Only resource files with JSON or XML extensions are supported. To see the skipped files in the logs, use debug logging. (00:00.001 / 00:04.366, 1Gb)
Sushi: info  Found 1 non-JSON / non-XML file(s) in directory: /workspace/temp/smart.who.int.dak-immz#1.0.0-milestone/input/vocabulary. Only resource files with JSON or XML extensions are supported. To see the skipped files in the logs, use debug logging. (00:00.001 / 00:04.367, 1Gb)
Sushi: info  Loaded virtual package sushi-local#LOCAL with 0 resources                               (00:00.001 / 00:04.369, 1Gb)
Sushi: info  Converting FSH to FHIR resources...                                                     (00:00.011 / 00:04.380, 1Gb)
Sushi: info  Exporting FHIR resources as JSON...                                                     (00:00.004 / 00:04.384, 1Gb)
Sushi: info  Exported 0 FHIR resources as JSON.                                                      (00:00.003 / 00:04.387, 1Gb)
Sushi: info  Assembling Implementation Guide sources...                                              (00:00.001 / 00:04.388, 1Gb)
Sushi: info  Generated ImplementationGuide-smart.who.int.dak-immz.json                               (00:00.029 / 00:04.418, 1Gb)
Sushi: info  Assembled Implementation Guide sources; ready for IG Publisher.                         (00:00.000 / 00:04.419, 1Gb)
Sushi: ========================= SUSHI RESULTS ===========================                           (00:00.000 / 00:04.420, 1Gb)
Sushi: |  -------------------------------------------------------------  |                           (00:00.000 / 00:04.421, 1Gb)
Sushi: | |    Profiles   |  Extensions  |   Logicals   |   Resources   | |                           (00:00.000 / 00:04.421, 1Gb)
Sushi: | |-------------------------------------------------------------| |                           (00:00.000 / 00:04.422, 1Gb)
Sushi: | |       0       |      0       |      0       |       0       | |                           (00:00.000 / 00:04.422, 1Gb)
Sushi: |  -------------------------------------------------------------  |                           (00:00.000 / 00:04.423, 1Gb)
Sushi: |  -------------------------------------------------------------  |                           (00:00.000 / 00:04.424, 1Gb)
Sushi: | |      ValueSets     |    CodeSystems    |     Instances      | |                           (00:00.000 / 00:04.424, 1Gb)
Sushi: | |-------------------------------------------------------------| |                           (00:00.000 / 00:04.425, 1Gb)
Sushi: | |         0          |         0         |         0          | |                           (00:00.000 / 00:04.425, 1Gb)
Sushi: |  -------------------------------------------------------------  |                           (00:00.000 / 00:04.426, 1Gb)
Sushi: |                                                                 |                           (00:00.000 / 00:04.427, 1Gb)
Sushi: ===================================================================                           (00:00.000 / 00:04.427, 1Gb)
Sushi: | You've earned a seal of approval.      0 Errors      0 Warnings |                           (00:00.000 / 00:04.428, 1Gb)
Sushi: ===================================================================                           (00:00.000 / 00:04.429, 1Gb)
Unable to load IG as an r5 IG - try R4 (property code is a class com.google.gson.JsonPrimitive looking for an object) (00:00.014 / 00:04.443, 1Gb)
Load Template from who.template.root#current                                                         (00:00.022 / 00:04.466, 1Gb)
 Load Template from fhir.base.template#current                                                       (00:00.410 / 00:04.876, 1Gb)
Root directory: /workspace/temp/smart.who.int.dak-immz#1.0.0-milestone                               (00:01.683 / 00:06.560, 1Gb)
Terminology Cache is at /workspace/temp/smart.who.int.dak-immz#1.0.0-milestone/input-cache/txcache. 5 files in cache (00:00.406 / 00:06.967, 1Gb)
Core Package hl7.fhir.r4.core#4.0.1
Running Terminology Log: /tmp/ohfu-fhir-ig-14231941301409205292.log
Connect to Terminology Server at http://tx.fhir.org                                                  (00:01.376 / 00:08.344, 1Gb)
Load Package hl7.fhir.pubpack#0.2.1
Load Package hl7.fhir.xver-extensions#0.1.0
Load Package hl7.terminology.r4#6.2.0
Load Package hl7.fhir.uv.extensions.r4#5.1.0
Load Package hl7.fhir.uv.extensions.r4#1.0.0
Load Package hl7.terminology#5.5.0
Load Package hl7.fhir.uv.cql#1.0.0
Load Package hl7.fhir.uv.crmi#1.0.0
Ignore Dependency on Core FHIR hl7.fhir.r4.examples#4.0.1, from package 'hl7.fhir.uv.sdc#3.0.0'      (00:05.195 / 00:13.539, 2Gb)
Load Package hl7.fhir.uv.sdc#3.0.0
Load Package smart.who.int.base#0.1.0
Load Package hl7.fhir.uv.tools.r4#0.3.0
Load R5 Specials
Initialization complete                                                                              (00:00.918 / 00:14.458, 1Gb)
Load Content                                                                                         (00:00.001 / 00:14.459, 1Gb)
Using en-US as the default narrative language. (no language information in Implementation Guide or command line) (00:00.016 / 00:14.476, 1Gb)
loadPrePages from FetchedFile[/workspace/temp/smart.who.int.dak-immz#1.0.0-milestone/fsh-generated/includes] as /workspace/temp/smart.who.int.dak-immz#1.0.0-milestone/fsh-generated/includes
loadPrePages from FetchedFile[/workspace/temp/smart.who.int.dak-immz#1.0.0-milestone/input/data] as /workspace/temp/smart.who.int.dak-immz#1.0.0-milestone/input/data
loadPrePages from FetchedFile[/workspace/temp/smart.who.int.dak-immz#1.0.0-milestone/input/pagecontent] as /workspace/temp/smart.who.int.dak-immz#1.0.0-milestone/input/pagecontent
Fetch http://smart.who.int/dak-immz/package-list.json for version check                              (00:00.042 / 00:14.518, 1Gb)
Checking Language                                                                                    (00:00.018 / 00:14.536, 1Gb)
Processing Conformance Resources                                                                     (00:00.000 / 00:14.537, 1Gb)
Load Dependency Info                                                                                 (00:00.000 / 00:14.538, 1Gb)
Load Info                                                                                            (00:00.000 / 00:14.539, 1Gb)
Load Resources                                                                                       (00:00.000 / 00:14.539, 1Gb)
Load Paths                                                                                           (00:00.014 / 00:14.554, 1Gb)
Generating Snapshots                                                                                 (00:00.001 / 00:14.555, 1Gb)
Check R4 / R4B                                                                                       (00:00.002 / 00:14.557, 1Gb)
Assign Comparison Ids                                                                                (00:00.006 / 00:14.563, 1Gb)
Propagating status                                                                                   (00:00.001 / 00:14.564, 1Gb)
Generating Narratives                                                                                (00:00.001 / 00:14.565, 1Gb)
Validating Conformance Resources                                                                     (00:00.145 / 00:14.711, 1Gb)
Check profiles & code systems                                                                        (00:01.099 / 00:15.810, 1Gb)
Check realm rules                                                                                    (00:00.000 / 00:15.811, 1Gb)
Previous Version Comparison                                                                          (00:00.000 / 00:15.812, 1Gb)
Validating Resources                                                                                 (00:07.176 / 00:22.988, 1Gb)
Processing Provenance Records                                                                        (00:00.000 / 00:22.989, 1Gb)
Generating Outputs in /workspace/temp/smart.who.int.dak-immz#1.0.0-milestone/output                  (00:00.000 / 00:22.990, 1Gb)
Generate Native Outputs                                                                              (00:00.059 / 00:23.049, 1Gb)
Run Template                                                                                         (00:00.058 / 00:23.107, 1Gb)
Generate HTML Outputs                                                                                (00:00.591 / 00:23.699, 865Mb)
Generate Summaries                                                                                   (00:00.049 / 00:23.748, 877Mb)
Generating Summary Outputs                                                                           (00:00.001 / 00:23.750, 877Mb)
DB Cumulative Time invested: 00:00:00.47
Sending Usage Stats to Server                                                                        (00:09.739 / 00:33.490, 1Gb)
## Memory (MB): Use = 1303, Free = 1008, Total = 2312, Max = 4096                                    (00:00.001 / 00:33.491, 1Gb)
Reclaiming memory...                                                                                 (00:00.000 / 00:33.491, 1Gb)
## Memory (MB): Use = 1122, Free = 1189, Total = 2312, Max = 4096                                    (00:00.508 / 00:34.000, 1Gb)
Run jekyll: jekyll build --destination "/workspace/temp/smart.who.int.dak-immz#1.0.0-milestone/output" (in folder /workspace/temp/smart.who.int.dak-immz#1.0.0-milestone/temp/pages) (00:00.001 / 00:34.002, 1Gb)
Troubleshooting Note: usual cases for Jekyll to fail are:                                            (00:00.000 / 00:34.003, 1Gb)
* A failure to produce a fragment that is already logged in the output above                         (00:00.000 / 00:34.003, 1Gb)
* A reference to a manually edited file that hasn't been provided                                    (00:00.000 / 00:34.004, 1Gb)
Jekyll: Source: /workspace/temp/smart.who.int.dak-immz#1.0.0-milestone/temp/pages                    (00:00.359 / 00:34.364, 1Gb)
Jekyll: Generating...                                                                                (00:00.000 / 00:34.364, 1Gb)
Jekyll: done in 0.571 seconds.                                                                       (00:00.570 / 00:34.935, 1Gb)

Installing smart.who.int.dak-immz#1.0.0
Checking Output HTML                                                                                 (00:00.105 / 00:35.041, 1Gb)
found 586 files                                                                                      (00:00.003 / 00:35.044, 1Gb)
.........................................
.........................................
  ... 586 html files, 0 pages invalid xhtml (0%)                                                     (00:00.317 / 00:35.362, 1Gb)
  ... 1751 links, 0 broken links (0%)                                                                (00:00.000 / 00:35.363, 1Gb)
Generate fragment-usage-analysis.csv                                                                 (00:00.000 / 00:35.363, 1Gb)
Build final .zip                                                                                     (00:00.005 / 00:35.369, 1Gb)
Final .zip built                                                                                     (00:00.927 / 00:36.297, 1Gb)
Built. Times: loading: 00:00.075, generate: 00:24.330, narrative generation: 00:00.144, validation: 00:01.098, realm-rules: 00:00.000, previous-version: 00:07.174, jekyll: 00:00.941, template: 00:00.597 (#3) (00:02.571 / 00:38.868, 1Gb)
Generating QA                                                                                        (00:00.001 / 00:38.869, 1Gb)
Validation output in /workspace/temp/smart.who.int.dak-immz#1.0.0-milestone/output/qa.html
Errors: 1, Warnings: 5, Info: 0, Broken Links: 0 (00:00.047 / 00:38.916, 1Gb)
Finished. Max Memory Used = 2Gb. Log file saved in /tmp/fhir-ig-publisher-tmp.log                    (00:00.001 / 00:38.918, 1Gb)
Keep a copy of the build directory at /workspace/temp/web-root/run-20250131/ig-build-zips/smart.who.int.dak-immz#1.0.0.zip

ok. All checks passed. Publish v1.0.0 to /workspace/temp/web-root/run-20250131/dak-immz/v1.0.0
Copy the IG to /workspace/temp/web-root/run-20250131/dak-immz/v1.0.0
Update /workspace/temp/web-root/run-20250131/dak-immz/package-list.json
Publish Box Statement: This page is part of the SMART DAK IMMZ (v1.0.0: Release) based on <a no-external="true" href="http://hl7.org/fhir/R4">FHIR (HL7® FHIR® Standard) R4</a>. This is the current published version in its permanent home (it will always be available at this URL).  For a full list of available versions, see the <a no-external="true" href="http://smart.who.int/dak-immz/history.html">Directory of published versions</a>
no html insert in /workspace/temp/web-root/run-20250131/dak-immz/v1.0.0/qa-txservers.html
  .. 34 files checked, 34 updated
  .. 9 clones checked, 18 updated
  .. 1 redirections (1 created/updated)
This is a milestone release - publish v1.0.0 to /workspace/temp/web-root/run-20250131/dak-immz
Publish Box Statement: This page is part of the SMART DAK IMMZ (v1.0.0: Release) based on <a no-external="true" href="http://hl7.org/fhir/R4">FHIR (HL7® FHIR® Standard) R4</a>. This is the current published version.  For a full list of available versions, see the <a no-external="true" href="http://smart.who.int/dak-immz/history.html">Directory of published versions</a>
no html insert in /workspace/temp/smart.who.int.dak-immz#1.0.0-milestone/output/qa-txservers.html
  .. 34 files checked, 34 updated
  .. 9 clones checked, 18 updated
  .. 1 redirections (1 created/updated)
Check for Files to delete
  ... 0 files
Copy to new IG to /workspace/temp/web-root/run-20250131/dak-immz
[Fatal Error] :1:1: Content is not allowed in prolog.
Unable to process RSS feed /workspace/temp/web-root/run-20250131/publication-feed.xml as XML - processing as text instead (Content is not allowed in prolog.)
smart.who.int.dak-immz (http://smart.who.int/dak-immz): SMART DAK IMMZ @ http://worldhealthorganization.github.io/smart-dak-immz
  release: Releases 1.0.0/4.0.1 @ http://smart.who.int/dak-immz/v1.0.0
Build is complete. Copy from /workspace/temp/web-root/run-20250131
Update history page at /workspace/temp/web-root/run-20250131/dak-immz from /workspace/history-template and /workspace/webroot/templates
